<?xml version="1.0" encoding="utf-8"?><testsuites name="pytest tests"><testsuite name="pytest" errors="0" failures="0" skipped="0" tests="15" time="2.871" timestamp="2026-05-05T10:57:07.214215+00:00" hostname="agent-env-31723942-563f-4d62-8b1a-eba24e664432"><testcase classname="backend.tests.test_sgic_api.TestHealthAuth" name="test_root" time="0.176" /><testcase classname="backend.tests.test_sgic_api.TestHealthAuth" name="test_auth_me_401_no_token" time="0.105" /><testcase classname="backend.tests.test_sgic_api.TestHealthAuth" name="test_auth_me_with_token" time="0.150" /><testcase classname="backend.tests.test_sgic_api.TestHealthAuth" name="test_logout_clears_cookie" time="0.137" /><testcase classname="backend.tests.test_sgic_api.TestEmbed" name="test_embed_requires_auth" time="0.185" /><testcase classname="backend.tests.test_sgic_api.TestEmbed" name="test_embed_success_structure" time="0.266" /><testcase classname="backend.tests.test_sgic_api.TestEmbed" name="test_embed_empty_message_400" time="0.163" /><testcase classname="backend.tests.test_sgic_api.TestExtract" name="test_extract_requires_auth" time="0.216" /><testcase classname="backend.tests.test_sgic_api.TestExtract" name="test_extract_correct_key" time="0.152" /><testcase classname="backend.tests.test_sgic_api.TestExtract" name="test_extract_wrong_key" time="0.149" /><testcase classname="backend.tests.test_sgic_api.TestRobustness" name="test_robustness_requires_auth" time="0.151" /><testcase classname="backend.tests.test_sgic_api.TestRobustness" name="test_robustness_three_attacks" time="0.341" /><testcase classname="backend.tests.test_sgic_api.TestAblation" name="test_ablation_three_configs" time="0.229" /><testcase classname="backend.tests.test_sgic_api.TestStaticData" name="test_comparison" time="0.149" /><testcase classname="backend.tests.test_sgic_api.TestStaticData" name="test_graphs" time="0.100" /></testsuite></testsuites>